<?xml version="1.0" encoding="UTF-8"?>
<robot generator="Robot 2.8.7 (Jython 2.5.3 on java1.8.0_40)" generated="20150413 17:36:38.859">
<suite source="C:\Users\revok_000\Documents\GitHub\Operation_Make_A_Better_Argument_Parser_Than_Everyone_Else\acceptance\ArgumentParserTests.txt" name="ArgumentParserTests" id="s1">
<test name="Start Program With Arguments" id="s1-t1">
<kw type="kw" name="7">
<doc></doc>
<arguments>
<arg>5</arg>
<arg>2</arg>
</arguments>
<msg level="FAIL" timestamp="20150413 17:36:39.429">No keyword with name '7' found.</msg>
<status endtime="20150413 17:36:39.431" starttime="20150413 17:36:39.426" status="FAIL"></status>
</kw>
<doc></doc>
<tags>
</tags>
<status critical="yes" endtime="20150413 17:36:39.434" starttime="20150413 17:36:39.402" status="FAIL">No keyword with name '7' found.</status>
</test>
<test name="Start First Test" id="s1-t2">
<doc></doc>
<tags>
</tags>
<status critical="yes" endtime="20150413 17:36:39.445" starttime="20150413 17:36:39.439" status="FAIL">Test case contains no keywords.</status>
</test>
<test name="${length}=" id="s1-t3">
<kw type="kw" name="BuiltIn.Get Length">
<doc>Returns and logs the length of the given item.</doc>
<arguments>
</arguments>
<msg level="FAIL" timestamp="20150413 17:36:39.455">Keyword 'BuiltIn.Get Length' expected 1 argument, got 0.</msg>
<status endtime="20150413 17:36:39.456" starttime="20150413 17:36:39.453" status="FAIL"></status>
</kw>
<doc></doc>
<tags>
</tags>
<status critical="yes" endtime="20150413 17:36:39.457" starttime="20150413 17:36:39.449" status="FAIL">Keyword 'BuiltIn.Get Length' expected 1 argument, got 0.</status>
</test>
<test name="Should Be Equal" id="s1-t4">
<kw type="kw" name="7">
<doc></doc>
<arguments>
<arg>${length}</arg>
</arguments>
<msg level="FAIL" timestamp="20150413 17:36:39.480">No keyword with name '7' found.</msg>
<status endtime="20150413 17:36:39.481" starttime="20150413 17:36:39.478" status="FAIL"></status>
</kw>
<doc></doc>
<tags>
</tags>
<status critical="yes" endtime="20150413 17:36:39.483" starttime="20150413 17:36:39.460" status="FAIL">No keyword with name '7' found.</status>
</test>
<test name="${width}=" id="s1-t5">
<kw type="kw" name="Get Width">
<doc></doc>
<arguments>
</arguments>
<msg level="FAIL" timestamp="20150413 17:36:39.508">No keyword with name 'Get Width' found. Did you mean:
    ArgumentParserKeywords.Get Widths</msg>
<status endtime="20150413 17:36:39.509" starttime="20150413 17:36:39.507" status="FAIL"></status>
</kw>
<doc></doc>
<tags>
</tags>
<status critical="yes" endtime="20150413 17:36:39.511" starttime="20150413 17:36:39.486" status="FAIL">No keyword with name 'Get Width' found. Did you mean:
    ArgumentParserKeywords.Get Widths</status>
</test>
<test name="Should Be Equal" id="s1-t6">
<kw type="kw" name="5">
<doc></doc>
<arguments>
<arg>${width}</arg>
</arguments>
<msg level="FAIL" timestamp="20150413 17:36:39.536">No keyword with name '5' found.</msg>
<status endtime="20150413 17:36:39.537" starttime="20150413 17:36:39.534" status="FAIL"></status>
</kw>
<doc></doc>
<tags>
</tags>
<status critical="yes" endtime="20150413 17:36:39.539" starttime="20150413 17:36:39.516" status="FAIL">No keyword with name '5' found.</status>
</test>
<test name="${height}=" id="s1-t7">
<kw type="kw" name="Get Height">
<doc></doc>
<arguments>
</arguments>
<msg level="FAIL" timestamp="20150413 17:36:39.563">No keyword with name 'Get Height' found. Did you mean:
    ArgumentParserKeywords.Get Heights</msg>
<status endtime="20150413 17:36:39.564" starttime="20150413 17:36:39.562" status="FAIL"></status>
</kw>
<doc></doc>
<tags>
</tags>
<status critical="yes" endtime="20150413 17:36:39.566" starttime="20150413 17:36:39.543" status="FAIL">No keyword with name 'Get Height' found. Did you mean:
    ArgumentParserKeywords.Get Heights</status>
</test>
<test name="Should Be Equal" id="s1-t8">
<kw type="kw" name="2">
<doc></doc>
<arguments>
<arg>${height}</arg>
</arguments>
<msg level="FAIL" timestamp="20150413 17:36:39.583">No keyword with name '2' found.</msg>
<status endtime="20150413 17:36:39.584" starttime="20150413 17:36:39.581" status="FAIL"></status>
</kw>
<doc></doc>
<tags>
</tags>
<status critical="yes" endtime="20150413 17:36:39.586" starttime="20150413 17:36:39.569" status="FAIL">No keyword with name '2' found.</status>
</test>
<test name="Start Program With Arguments" id="s1-t9">
<kw type="kw" name="dog">
<doc></doc>
<arguments>
<arg>2</arg>
<arg>true</arg>
<arg>3.5</arg>
</arguments>
<msg level="FAIL" timestamp="20150413 17:36:39.603">No keyword with name 'dog' found. Did you mean:
    BuiltIn.Log</msg>
<status endtime="20150413 17:36:39.604" starttime="20150413 17:36:39.602" status="FAIL"></status>
</kw>
<doc></doc>
<tags>
</tags>
<status critical="yes" endtime="20150413 17:36:39.606" starttime="20150413 17:36:39.590" status="FAIL">No keyword with name 'dog' found. Did you mean:
    BuiltIn.Log</status>
</test>
<test name="Start Second Test" id="s1-t10">
<doc></doc>
<tags>
</tags>
<status critical="yes" endtime="20150413 17:36:39.615" starttime="20150413 17:36:39.611" status="FAIL">Test case contains no keywords.</status>
</test>
<test name="${pet}=" id="s1-t11">
<kw type="kw" name="ArgumentParserKeywords.Get Pet">
<doc></doc>
<arguments>
</arguments>
<msg level="FAIL" timestamp="20150413 17:36:39.637">UnknownArgumentException: Usage: Java VolumeCalculator length width height 
VolumeCalculator.Java: error: unknown argument(s): pet</msg>
<status endtime="20150413 17:36:39.639" starttime="20150413 17:36:39.623" status="FAIL"></status>
</kw>
<doc></doc>
<tags>
</tags>
<status critical="yes" endtime="20150413 17:36:39.641" starttime="20150413 17:36:39.618" status="FAIL">UnknownArgumentException: Usage: Java VolumeCalculator length width height 
VolumeCalculator.Java: error: unknown argument(s): pet</status>
</test>
<test name="Should Be Equal" id="s1-t12">
<kw type="kw" name="dog">
<doc></doc>
<arguments>
<arg>${pet}</arg>
</arguments>
<msg level="FAIL" timestamp="20150413 17:36:39.665">No keyword with name 'dog' found. Did you mean:
    BuiltIn.Log</msg>
<status endtime="20150413 17:36:39.667" starttime="20150413 17:36:39.664" status="FAIL"></status>
</kw>
<doc></doc>
<tags>
</tags>
<status critical="yes" endtime="20150413 17:36:39.668" starttime="20150413 17:36:39.647" status="FAIL">No keyword with name 'dog' found. Did you mean:
    BuiltIn.Log</status>
</test>
<test name="${number}=" id="s1-t13">
<kw type="kw" name="ArgumentParserKeywords.Get Number">
<doc></doc>
<arguments>
</arguments>
<msg level="FAIL" timestamp="20150413 17:36:39.685">UnknownArgumentException: Usage: Java VolumeCalculator length width height 
VolumeCalculator.Java: error: unknown argument(s): number</msg>
<status endtime="20150413 17:36:39.687" starttime="20150413 17:36:39.677" status="FAIL"></status>
</kw>
<doc></doc>
<tags>
</tags>
<status critical="yes" endtime="20150413 17:36:39.688" starttime="20150413 17:36:39.672" status="FAIL">UnknownArgumentException: Usage: Java VolumeCalculator length width height 
VolumeCalculator.Java: error: unknown argument(s): number</status>
</test>
<test name="Should Be Equal" id="s1-t14">
<kw type="kw" name="2">
<doc></doc>
<arguments>
<arg>${number}</arg>
</arguments>
<msg level="FAIL" timestamp="20150413 17:36:39.706">No keyword with name '2' found.</msg>
<status endtime="20150413 17:36:39.707" starttime="20150413 17:36:39.705" status="FAIL"></status>
</kw>
<doc></doc>
<tags>
</tags>
<status critical="yes" endtime="20150413 17:36:39.709" starttime="20150413 17:36:39.693" status="FAIL">No keyword with name '2' found.</status>
</test>
<test name="${rainy}=" id="s1-t15">
<kw type="kw" name="ArgumentParserKeywords.Get Rainy">
<doc></doc>
<arguments>
</arguments>
<msg level="FAIL" timestamp="20150413 17:36:39.727">UnknownArgumentException: Usage: Java VolumeCalculator length width height 
VolumeCalculator.Java: error: unknown argument(s): rainy</msg>
<status endtime="20150413 17:36:39.728" starttime="20150413 17:36:39.716" status="FAIL"></status>
</kw>
<doc></doc>
<tags>
</tags>
<status critical="yes" endtime="20150413 17:36:39.731" starttime="20150413 17:36:39.712" status="FAIL">UnknownArgumentException: Usage: Java VolumeCalculator length width height 
VolumeCalculator.Java: error: unknown argument(s): rainy</status>
</test>
<test name="Should Be Equal" id="s1-t16">
<kw type="kw" name="true">
<doc></doc>
<arguments>
<arg>${rainy}</arg>
</arguments>
<msg level="FAIL" timestamp="20150413 17:36:39.755">No keyword with name 'true' found.</msg>
<status endtime="20150413 17:36:39.756" starttime="20150413 17:36:39.753" status="FAIL"></status>
</kw>
<doc></doc>
<tags>
</tags>
<status critical="yes" endtime="20150413 17:36:39.758" starttime="20150413 17:36:39.737" status="FAIL">No keyword with name 'true' found.</status>
</test>
<test name="${bathrooms}=" id="s1-t17">
<kw type="kw" name="ArgumentParserKeywords.Get Bathrooms">
<doc></doc>
<arguments>
</arguments>
<msg level="FAIL" timestamp="20150413 17:36:39.776">UnknownArgumentException: Usage: Java VolumeCalculator length width height 
VolumeCalculator.Java: error: unknown argument(s): bathrooms</msg>
<status endtime="20150413 17:36:39.777" starttime="20150413 17:36:39.766" status="FAIL"></status>
</kw>
<doc></doc>
<tags>
</tags>
<status critical="yes" endtime="20150413 17:36:39.779" starttime="20150413 17:36:39.762" status="FAIL">UnknownArgumentException: Usage: Java VolumeCalculator length width height 
VolumeCalculator.Java: error: unknown argument(s): bathrooms</status>
</test>
<test name="Should Be Equal" id="s1-t18">
<kw type="kw" name="3.5">
<doc></doc>
<arguments>
<arg>${bathrooms}</arg>
</arguments>
<msg level="FAIL" timestamp="20150413 17:36:39.800">No keyword with name '3.5' found.</msg>
<status endtime="20150413 17:36:39.801" starttime="20150413 17:36:39.799" status="FAIL"></status>
</kw>
<doc></doc>
<tags>
</tags>
<status critical="yes" endtime="20150413 17:36:39.803" starttime="20150413 17:36:39.784" status="FAIL">No keyword with name '3.5' found.</status>
</test>
<doc></doc>
<metadata>
</metadata>
<status endtime="20150413 17:36:39.813" starttime="20150413 17:36:38.864" status="FAIL"></status>
</suite>
<statistics>
<total>
<stat pass="0" fail="18">Critical Tests</stat>
<stat pass="0" fail="18">All Tests</stat>
</total>
<tag>
</tag>
<suite>
<stat pass="0" fail="18" name="ArgumentParserTests" id="s1">ArgumentParserTests</stat>
</suite>
</statistics>
<errors>
<msg level="WARN" timestamp="20150413 17:36:39.515">Multiple test cases with name 'Should Be Equal' executed in test suite 'ArgumentParserTests'.</msg>
<msg level="WARN" timestamp="20150413 17:36:39.568">Multiple test cases with name 'Should Be Equal' executed in test suite 'ArgumentParserTests'.</msg>
<msg level="WARN" timestamp="20150413 17:36:39.589">Multiple test cases with name 'Start Program With Arguments' executed in test suite 'ArgumentParserTests'.</msg>
<msg level="WARN" timestamp="20150413 17:36:39.646">Multiple test cases with name 'Should Be Equal' executed in test suite 'ArgumentParserTests'.</msg>
<msg level="WARN" timestamp="20150413 17:36:39.692">Multiple test cases with name 'Should Be Equal' executed in test suite 'ArgumentParserTests'.</msg>
<msg level="WARN" timestamp="20150413 17:36:39.736">Multiple test cases with name 'Should Be Equal' executed in test suite 'ArgumentParserTests'.</msg>
<msg level="WARN" timestamp="20150413 17:36:39.783">Multiple test cases with name 'Should Be Equal' executed in test suite 'ArgumentParserTests'.</msg>
</errors>
</robot>
